# JRE version: OpenJDK Runtime Environment (8.0_152-b01) (build 1.8.0_152-release-1248-b01)
# Java VM: OpenJDK 64-Bit Server VM (25.152-b01 mixed mode windows-amd64 compressed oops)
Heap:
 PSYoungGen      total 403456K, used 335494K [0x00000000e0000000, 0x00000000ffd80000, 0x0000000100000000)
  eden space 371200K, 86% used [0x00000000e0000000,0x00000000f37f0a18,0x00000000f6a80000)
  from space 32256K, 49% used [0x00000000f6a80000,0x00000000f7a31030,0x00000000f8a00000)
  to   space 30720K, 0% used [0x00000000fdf80000,0x00000000fdf80000,0x00000000ffd80000)
 ParOldGen       total 119808K, used 80500K [0x00000000a0000000, 0x00000000a7500000, 0x00000000e0000000)
  object space 119808K, 67% used [0x00000000a0000000,0x00000000a4e9d058,0x00000000a7500000)
 Metaspace       used 92210K, capacity 96398K, committed 96688K, reserved 1134592K
  class space    used 11528K, capacity 12360K, committed 12464K, reserved 1048576K
GC Heap History (10 events):
Event: 2127.097 GC heap before
{Heap before GC invocations=22 (full 3):
 PSYoungGen      total 247808K, used 247800K [0x00000000e0000000, 0x00000000f3380000, 0x0000000100000000)
  eden space 237568K, 100% used [0x00000000e0000000,0x00000000ee800000,0x00000000ee800000)
  from space 10240K, 99% used [0x00000000f0580000,0x00000000f0f7e340,0x00000000f0f80000)
  to   space 30208K, 0% used [0x00000000ee800000,0x00000000ee800000,0x00000000f0580000)
 ParOldGen       total 119808K, used 61064K [0x00000000a0000000, 0x00000000a7500000, 0x00000000e0000000)
  object space 119808K, 50% used [0x00000000a0000000,0x00000000a3ba2320,0x00000000a7500000)
 Metaspace       used 92007K, capacity 96242K, committed 96432K, reserved 1132544K
  class space    used 11525K, capacity 12358K, committed 12464K, reserved 1048576K
Event: 2127.117 GC heap after
Heap after GC invocations=22 (full 3):
 PSYoungGen      total 267776K, used 13085K [0x00000000e0000000, 0x00000000f5400000, 0x0000000100000000)
  eden space 237568K, 0% used [0x00000000e0000000,0x00000000e0000000,0x00000000ee800000)
  from space 30208K, 43% used [0x00000000ee800000,0x00000000ef4c7428,0x00000000f0580000)
  to   space 29184K, 0% used [0x00000000f3780000,0x00000000f3780000,0x00000000f5400000)
 ParOldGen       total 119808K, used 63803K [0x00000000a0000000, 0x00000000a7500000, 0x00000000e0000000)
  object space 119808K, 53% used [0x00000000a0000000,0x00000000a3e4efa8,0x00000000a7500000)
 Metaspace       used 92007K, capacity 96242K, committed 96432K, reserved 1132544K
  class space    used 11525K, capacity 12358K, committed 12464K, reserved 1048576K
}
Event: 2127.418 GC heap before
{Heap before GC invocations=23 (full 3):
 PSYoungGen      total 267776K, used 250653K [0x00000000e0000000, 0x00000000f5400000, 0x0000000100000000)
  eden space 237568K, 100% used [0x00000000e0000000,0x00000000ee800000,0x00000000ee800000)
  from space 30208K, 43% used [0x00000000ee800000,0x00000000ef4c7428,0x00000000f0580000)
  to   space 29184K, 0% used [0x00000000f3780000,0x00000000f3780000,0x00000000f5400000)
 ParOldGen       total 119808K, used 63803K [0x00000000a0000000, 0x00000000a7500000, 0x00000000e0000000)
  object space 119808K, 53% used [0x00000000a0000000,0x00000000a3e4efa8,0x00000000a7500000)
 Metaspace       used 92069K, capacity 96320K, committed 96432K, reserved 1132544K
  class space    used 11527K, capacity 12359K, committed 12464K, reserved 1048576K
Event: 2127.457 GC heap after
Heap after GC invocations=23 (full 3):
 PSYoungGen      total 317952K, used 21469K [0x00000000e0000000, 0x00000000f6380000, 0x0000000100000000)
  eden space 288768K, 0% used [0x00000000e0000000,0x00000000e0000000,0x00000000f1a00000)
  from space 29184K, 73% used [0x00000000f3780000,0x00000000f4c775e0,0x00000000f5400000)
  to   space 30208K, 0% used [0x00000000f1a00000,0x00000000f1a00000,0x00000000f3780000)
 ParOldGen       total 119808K, used 64107K [0x00000000a0000000, 0x00000000a7500000, 0x00000000e0000000)
  object space 119808K, 53% used [0x00000000a0000000,0x00000000a3e9afe8,0x00000000a7500000)
 Metaspace       used 92069K, capacity 96320K, committed 96432K, reserved 1132544K
  class space    used 11527K, capacity 12359K, committed 12464K, reserved 1048576K
}
Event: 2127.823 GC heap before
{Heap before GC invocations=24 (full 3):
 PSYoungGen      total 317952K, used 310237K [0x00000000e0000000, 0x00000000f6380000, 0x0000000100000000)
  eden space 288768K, 100% used [0x00000000e0000000,0x00000000f1a00000,0x00000000f1a00000)
  from space 29184K, 73% used [0x00000000f3780000,0x00000000f4c775e0,0x00000000f5400000)
  to   space 30208K, 0% used [0x00000000f1a00000,0x00000000f1a00000,0x00000000f3780000)
 ParOldGen       total 119808K, used 64107K [0x00000000a0000000, 0x00000000a7500000, 0x00000000e0000000)
  object space 119808K, 53% used [0x00000000a0000000,0x00000000a3e9afe8,0x00000000a7500000)
 Metaspace       used 92108K, capacity 96326K, committed 96432K, reserved 1132544K
  class space    used 11528K, capacity 12360K, committed 12464K, reserved 1048576K
Event: 2127.852 GC heap after
Heap after GC invocations=24 (full 3):
 PSYoungGen      total 318976K, used 23251K [0x00000000e0000000, 0x00000000fa900000, 0x0000000100000000)
  eden space 288768K, 0% used [0x00000000e0000000,0x00000000e0000000,0x00000000f1a00000)
  from space 30208K, 76% used [0x00000000f1a00000,0x00000000f30b4ee0,0x00000000f3780000)
  to   space 31744K, 0% used [0x00000000f8a00000,0x00000000f8a00000,0x00000000fa900000)
 ParOldGen       total 119808K, used 67662K [0x00000000a0000000, 0x00000000a7500000, 0x00000000e0000000)
  object space 119808K, 56% used [0x00000000a0000000,0x00000000a42138a0,0x00000000a7500000)
 Metaspace       used 92108K, capacity 96326K, committed 96432K, reserved 1132544K
  class space    used 11528K, capacity 12360K, committed 12464K, reserved 1048576K
}
Event: 2128.180 GC heap before
{Heap before GC invocations=25 (full 3):
 PSYoungGen      total 318976K, used 312019K [0x00000000e0000000, 0x00000000fa900000, 0x0000000100000000)
  eden space 288768K, 100% used [0x00000000e0000000,0x00000000f1a00000,0x00000000f1a00000)
  from space 30208K, 76% used [0x00000000f1a00000,0x00000000f30b4ee0,0x00000000f3780000)
  to   space 31744K, 0% used [0x00000000f8a00000,0x00000000f8a00000,0x00000000fa900000)
 ParOldGen       total 119808K, used 67662K [0x00000000a0000000, 0x00000000a7500000, 0x00000000e0000000)
  object space 119808K, 56% used [0x00000000a0000000,0x00000000a42138a0,0x00000000a7500000)
 Metaspace       used 92150K, capacity 96390K, committed 96688K, reserved 1134592K
  class space    used 11528K, capacity 12360K, committed 12464K, reserved 1048576K
Event: 2128.197 GC heap after
Heap after GC invocations=25 (full 3):
 PSYoungGen      total 402944K, used 22041K [0x00000000e0000000, 0x00000000faa00000, 0x0000000100000000)
  eden space 371200K, 0% used [0x00000000e0000000,0x00000000e0000000,0x00000000f6a80000)
  from space 31744K, 69% used [0x00000000f8a00000,0x00000000f9f86558,0x00000000fa900000)
  to   space 32256K, 0% used [0x00000000f6a80000,0x00000000f6a80000,0x00000000f8a00000)
 ParOldGen       total 119808K, used 71179K [0x00000000a0000000, 0x00000000a7500000, 0x00000000e0000000)
  object space 119808K, 59% used [0x00000000a0000000,0x00000000a4582fd8,0x00000000a7500000)
 Metaspace       used 92150K, capacity 96390K, committed 96688K, reserved 1134592K
  class space    used 11528K, capacity 12360K, committed 12464K, reserved 1048576K
}
Event: 2128.737 GC heap before
{Heap before GC invocations=26 (full 3):
 PSYoungGen      total 402944K, used 393241K [0x00000000e0000000, 0x00000000faa00000, 0x0000000100000000)
  eden space 371200K, 100% used [0x00000000e0000000,0x00000000f6a80000,0x00000000f6a80000)
  from space 31744K, 69% used [0x00000000f8a00000,0x00000000f9f86558,0x00000000fa900000)
  to   space 32256K, 0% used [0x00000000f6a80000,0x00000000f6a80000,0x00000000f8a00000)
 ParOldGen       total 119808K, used 71179K [0x00000000a0000000, 0x00000000a7500000, 0x00000000e0000000)
  object space 119808K, 59% used [0x00000000a0000000,0x00000000a4582fd8,0x00000000a7500000)
 Metaspace       used 92180K, capacity 96394K, committed 96688K, reserved 1134592K
  class space    used 11528K, capacity 12360K, committed 12464K, reserved 1048576K
Event: 2128.776 GC heap after
Heap after GC invocations=26 (full 3):
 PSYoungGen      total 403456K, used 16068K [0x00000000e0000000, 0x00000000ffd80000, 0x0000000100000000)
  eden space 371200K, 0% used [0x00000000e0000000,0x00000000e0000000,0x00000000f6a80000)
  from space 32256K, 49% used [0x00000000f6a80000,0x00000000f7a31030,0x00000000f8a00000)
  to   space 30720K, 0% used [0x00000000fdf80000,0x00000000fdf80000,0x00000000ffd80000)
 ParOldGen       total 119808K, used 80500K [0x00000000a0000000, 0x00000000a7500000, 0x00000000e0000000)
  object space 119808K, 67% used [0x00000000a0000000,0x00000000a4e9d058,0x00000000a7500000)
 Metaspace       used 92180K, capacity 96394K, committed 96688K, reserved 1134592K
  class space    used 11528K, capacity 12360K, committed 12464K, reserved 1048576K
}

